◇ injected env (10) from .env // tip: ⌘ suppress logs { quiet: true }
Ignoring invalid configuration option passed to Connection: collation. This is currently a warning, but in future versions of MySQL2, an error will be thrown if you pass an invalid configuration option to a Connection
◇ injected env (0) from .env // tip: ⌁ auth for agents [www.vestauth.com]
◇ injected env (0) from .env // tip: ⌁ auth for agents [www.vestauth.com]
⚠️  警告: 未配置 AMAP_KEY 环境变量
⚠️  警告: 未配置 BAIDU_AK 环境变量
Ignoring invalid configuration option passed to Connection: collation. This is currently a warning, but in future versions of MySQL2, an error will be thrown if you pass an invalid configuration option to a Connection
◇ injected env (0) from .env // tip: ◈ secrets for agents [www.dotenvx.com]
✅ 数据库连接成功
✅ 数据库表初始化成功
node:events:496
      throw er; // Unhandled 'error' event
      ^

Error: listen EADDRINUSE: address already in use :::3000
    at Server.setupListenHan搜索餐厅错误: Error: Unknown column 'location' in 'where clause'
    at searchRestaurants (E:\ppppp\backend\api\restaurants.js:281:42)
    at Layer.handle [as handle_request] (E:\ppppp\backend\node_modules\express\lib\router\layer.js:95:5)
    at next (E:\ppppp\backend\node_modules\express\lib\router\route.js:149:13)
    at Route.dispatch (E:\ppppp\backend\node_modules\express\lib\router\route.js:119:3)
    at Layer.handle [as handle_request] (E:\ppppp\backend\node_modules\express\lib\router\layer.js:95:5)
    at E:\ppppp\backend\node_modules\express\lib\router\index.js:284:15
    at Function.process_params (E:\ppppp\backend\node_modules\express\lib\router\index.js:346:12)
    at next (E:\ppppp\backend\node_modules\express\lib\router\index.js:280:10)
    at Function.handle (E:\ppppp\backend\node_modules\express\lib\router\index.js:175:3)
    at router (E:\ppppp\backend\node_modules\express\lib\router\index.js:47:12) {
  code: 'ER_BAD_FIELD_ERROR',
  errno: 1054,
  sqlState: '42S22',
  sqlMessage: "Unknown column 'location' in 'where clause'",
  sql: "SELECT * FROM restaurants WHERE 1=1 AND (address LIKE '%长沙%' OR location LIKE '%长沙%') ORDER BY review_count DESC LIMIT 20 OFFSET 0"
}
搜索餐厅错误: Error: Unknown column 'location' in 'where clause'
    at searchRestaurants (E:\ppppp\backend\api\restaurants.js:281:42)
    at Layer.handle [as handle_request] (E:\ppppp\backend\node_modules\express\lib\router\layer.js:95:5)
    at next (E:\ppppp\backend\node_modules\express\lib\router\route.js:149:13)
    at Route.dispatch (E:\ppppp\backend\node_modules\express\lib\router\route.js:119:3)
    at Layer.handle [as handle_request] (E:\ppppp\backend\node_modules\express\lib\router\layer.js:95:5)
    at E:\ppppp\backend\node_modules\express\lib\router\index.js:284:15
    at Function.process_params (E:\ppppp\backend\node_modules\express\lib\router\index.js:346:12)
    at next (E:\ppppp\backend\node_modules\express\lib\router\index.js:280:10)
    at Function.handle (E:\ppppp\backend\node_modules\express\lib\router\index.js:175:3)
    at router (E:\ppppp\backend\node_modules\express\lib\router\index.js:47:12) {
  code: 'ER_BAD_FIELD_ERROR',
  errno: 1054,
  sqlState: '42S22',
  sqlMessage: "Unknown column 'location' in 'where clause'",
  sql: "SELECT * FROM restaurants WHERE 1=1 AND (address LIKE '%长沙%' OR location LIKE '%长沙%') ORDER BY review_count DESC LIMIT 20 OFFSET 20"
}
搜索餐厅错误: Error: Unknown column 'location' in 'where clause'
    at searchRestaurants (E:\ppppp\backend\api\restaurants.js:281:42)
    at Layer.handle [as handle_request] (E:\ppppp\backend\node_modules\express\lib\router\layer.js:95:5)
    at next (E:\ppppp\backend\node_modules\express\lib\router\route.js:149:13)
    at Route.dispatch (E:\ppppp\backend\node_modules\express\lib\router\route.js:119:3)
    at Layer.handle [as handle_request] (E:\ppppp\backend\node_modules\express\lib\router\layer.js:95:5)
    at E:\ppppp\backend\node_modules\express\lib\router\index.js:284:15
    at Function.process_params (E:\ppppp\backend\node_modules\express\lib\router\index.js:346:12)
    at next (E:\ppppp\backend\node_modules\express\lib\router\index.js:280:10)
    at Function.handle (E:\ppppp\backend\node_modules\express\lib\router\index.js:175:3)
    at router (E:\ppppp\backend\node_modules\express\lib\router\index.js:47:12) {
  code: 'ER_BAD_FIELD_ERROR',
  errno: 1054,
  sqlState: '42S22',
  sqlMessage: "Unknown column 'location' in 'where clause'",
  sql: "SELECT * FROM restaurants WHERE 1=1 AND (address LIKE '%长沙%' OR location LIKE '%长沙%') ORDER BY review_count DESC LIMIT 20 OFFSET 0"
}
搜索餐厅错误: Error: Unknown column 'location' in 'where clause'
    at searchRestaurants (E:\ppppp\backend\api\restaurants.js:281:42)
    at Layer.handle [as handle_request] (E:\ppppp\backend\node_modules\express\lib\router\layer.js:95:5)
    at next (E:\ppppp\backend\node_modules\express\lib\router\route.js:149:13)
    at Route.dispatch (E:\ppppp\backend\node_modules\express\lib\router\route.js:119:3)
    at Layer.handle [as handle_request] (E:\ppppp\backend\node_modules\express\lib\router\layer.js:95:5)
    at E:\ppppp\backend\node_modules\express\lib\router\index.js:284:15
    at Function.process_params (E:\ppppp\backend\node_modules\express\lib\router\index.js:346:12)
    at next (E:\ppppp\backend\node_modules\express\lib\router\index.js:280:10)
    at Function.handle (E:\ppppp\backend\node_modules\express\lib\router\index.js:175:3)
    at router (E:\ppppp\backend\node_modules\express\lib\router\index.js:47:12) {
  code: 'ER_BAD_FIELD_ERROR',
  errno: 1054,
  sqlState: '42S22',
  sqlMessage: "Unknown column 'location' in 'where clause'",
  sql: "SELECT * FROM restaurants WHERE 1=1 AND (address LIKE '%长沙%' OR location LIKE '%长沙%') ORDER BY review_count DESC LIMIT 20 OFFSET 0"
}
搜索餐厅错误: Error: Unknown column 'location' in 'where clause'
    at searchRestaurants (E:\ppppp\backend\api\restaurants.js:281:42)
    at Layer.handle [as handle_request] (E:\ppppp\backend\node_modules\express\lib\router\layer.js:95:5)
    at next (E:\ppppp\backend\node_modules\express\lib\router\route.js:149:13)
    at Route.dispatch (E:\ppppp\backend\node_modules\express\lib\router\route.js:119:3)
    at Layer.handle [as handle_request] (E:\ppppp\backend\node_modules\express\lib\router\layer.js:95:5)
    at E:\ppppp\backend\node_modules\express\lib\router\index.js:284:15
    at Function.process_params (E:\ppppp\backend\node_modules\express\lib\router\index.js:346:12)
    at next (E:\ppppp\backend\node_modules\express\lib\router\index.js:280:10)
    at Function.handle (E:\ppppp\backend\node_modules\express\lib\router\index.js:175:3)
    at router (E:\ppppp\backend\node_modules\express\lib\router\index.js:47:12) {
  code: 'ER_BAD_FIELD_ERROR',
  errno: 1054,
  sqlState: '42S22',
  sqlMessage: "Unknown column 'location' in 'where clause'",
  sql: "SELECT * FROM restaurants WHERE 1=1 AND (address LIKE '%长沙%' OR location LIKE '%长沙%') ORDER BY review_count DESC LIMIT 20 OFFSET 0"
}
搜索餐厅错误: Error: Unknown column 'location' in 'where clause'
    at searchRestaurants (E:\ppppp\backend\api\restaurants.js:281:42)
    at Layer.handle [as handle_request] (E:\ppppp\backend\node_modules\express\lib\router\layer.js:95:5)
    at next (E:\ppppp\backend\node_modules\express\lib\router\route.js:149:13)
    at Route.dispatch (E:\ppppp\backend\node_modules\express\lib\router\route.js:119:3)
    at Layer.handle [as handle_request] (E:\ppppp\backend\node_modules\express\lib\router\layer.js:95:5)
    at E:\ppppp\backend\node_modules\express\lib\router\index.js:284:15
    at Function.process_params (E:\ppppp\backend\node_modules\express\lib\router\index.js:346:12)
    at next (E:\ppppp\backend\node_modules\express\lib\router\index.js:280:10)
    at Function.handle (E:\ppppp\backend\node_modules\express\lib\router\index.js:175:3)
    at router (E:\ppppp\backend\node_modules\express\lib\router\index.js:47:12) {
  code: 'ER_BAD_FIELD_ERROR',
  errno: 1054,
  sqlState: '42S22',
  sqlMessage: "Unknown column 'location' in 'where clause'",
  sql: "SELECT * FROM restaurants WHERE 1=1 AND (address LIKE '%长沙%' OR location LIKE '%长沙%') ORDER BY review_count DESC LIMIT 20 OFFSET 0"
}
搜索餐厅错误: Error: Unknown column 'location' in 'where clause'
    at searchRestaurants (E:\ppppp\backend\api\restaurants.js:281:42)
    at Layer.handle [as handle_request] (E:\ppppp\backend\node_modules\express\lib\router\layer.js:95:5)
    at next (E:\ppppp\backend\node_modules\express\lib\router\route.js:149:13)
    at Route.dispatch (E:\ppppp\backend\node_modules\express\lib\router\route.js:119:3)
    at Layer.handle [as handle_request] (E:\ppppp\backend\node_modules\express\lib\router\layer.js:95:5)
    at E:\ppppp\backend\node_modules\express\lib\router\index.js:284:15
    at Function.process_params (E:\ppppp\backend\node_modules\express\lib\router\index.js:346:12)
    at next (E:\ppppp\backend\node_modules\express\lib\router\index.js:280:10)
    at Function.handle (E:\ppppp\backend\node_modules\express\lib\router\index.js:175:3)
    at router (E:\ppppp\backend\node_modules\express\lib\router\index.js:47:12) {
  code: 'ER_BAD_FIELD_ERROR',
  errno: 1054,
  sqlState: '42S22',
  sqlMessage: "Unknown column 'location' in 'where clause'",
  sql: "SELECT * FROM restaurants WHERE 1=1 AND (address LIKE '%长沙%' OR location LIKE '%长沙%') ORDER BY review_count DESC LIMIT 20 OFFSET 0"
}
搜索餐厅错误: Error: Unknown column 'location' in 'where clause'
    at searchRestaurants (E:\ppppp\backend\api\restaurants.js:281:42)
    at Layer.handle [as handle_request] (E:\ppppp\backend\node_modules\express\lib\router\layer.js:95:5)
    at next (E:\ppppp\backend\node_modules\express\lib\router\route.js:149:13)
    at Route.dispatch (E:\ppppp\backend\node_modules\express\lib\router\route.js:119:3)
    at Layer.handle [as handle_request] (E:\ppppp\backend\node_modules\express\lib\router\layer.js:95:5)
    at E:\ppppp\backend\node_modules\express\lib\router\index.js:284:15
    at Function.process_params (E:\ppppp\backend\node_modules\express\lib\router\index.js:346:12)
    at next (E:\ppppp\backend\node_modules\express\lib\router\index.js:280:10)
    at Function.handle (E:\ppppp\backend\node_modules\express\lib\router\index.js:175:3)
    at router (E:\ppppp\backend\node_modules\express\lib\router\index.js:47:12) {
  code: 'ER_BAD_FIELD_ERROR',
  errno: 1054,
  sqlState: '42S22',
  sqlMessage: "Unknown column 'location' in 'where clause'",
  sql: "SELECT * FROM restaurants WHERE 1=1 AND (address LIKE '%长沙%' OR location LIKE '%长沙%') ORDER BY review_count DESC LIMIT 20 OFFSET 0"
}
搜索餐厅错误: Error: Unknown column 'location' in 'where clause'
    at searchRestaurants (E:\ppppp\backend\api\restaurants.js:281:42)
    at Layer.handle [as handle_request] (E:\ppppp\backend\node_modules\express\lib\router\layer.js:95:5)
    at next (E:\ppppp\backend\node_modules\express\lib\router\route.js:149:13)
    at Route.dispatch (E:\ppppp\backend\node_modules\express\lib\router\route.js:119:3)
    at Layer.handle [as handle_request] (E:\ppppp\backend\node_modules\express\lib\router\layer.js:95:5)
    at E:\ppppp\backend\node_modules\express\lib\router\index.js:284:15
    at Function.process_params (E:\ppppp\backend\node_modules\express\lib\router\index.js:346:12)
    at next (E:\ppppp\backend\node_modules\express\lib\router\index.js:280:10)
    at Function.handle (E:\ppppp\backend\node_modules\express\lib\router\index.js:175:3)
    at router (E:\ppppp\backend\node_modules\express\lib\router\index.js:47:12) {
  code: 'ER_BAD_FIELD_ERROR',
  errno: 1054,
  sqlState: '42S22',
  sqlMessage: "Unknown column 'location' in 'where clause'",
  sql: "SELECT * FROM restaurants WHERE 1=1 AND (address LIKE '%长沙%' OR location LIKE '%长沙%') ORDER BY review_count DESC LIMIT 20 OFFSET 0"
}
搜索餐厅错误: Error: Unknown column 'location' in 'where clause'
    at searchRestaurants (E:\ppppp\backend\api\restaurants.js:281:42)
    at Layer.handle [as handle_request] (E:\ppppp\backend\node_modules\express\lib\router\layer.js:95:5)
    at next (E:\ppppp\backend\node_modules\express\lib\router\route.js:149:13)
    at Route.dispatch (E:\ppppp\backend\node_modules\express\lib\router\route.js:119:3)
    at Layer.handle [as handle_request] (E:\ppppp\backend\node_modules\express\lib\router\layer.js:95:5)
    at E:\ppppp\backend\node_modules\express\lib\router\index.js:284:15
    at Function.process_params (E:\ppppp\backend\node_modules\express\lib\router\index.js:346:12)
    at next (E:\ppppp\backend\node_modules\express\lib\router\index.js:280:10)
    at Function.handle (E:\ppppp\backend\node_modules\express\lib\router\index.js:175:3)
    at router (E:\ppppp\backend\node_modules\express\lib\router\index.js:47:12) {
  code: 'ER_BAD_FIELD_ERROR',
  errno: 1054,
  sqlState: '42S22',
  sqlMessage: "Unknown column 'location' in 'where clause'",
  sql: "SELECT * FROM restaurants WHERE 1=1 AND (address LIKE '%长沙%' OR location LIKE '%长沙%') ORDER BY review_count DESC LIMIT 20 OFFSET 0"
}
搜索餐厅错误: Error: Unknown column 'location' in 'where clause'
    at searchRestaurants (E:\ppppp\backend\api\restaurants.js:281:42)
    at Layer.handle [as handle_request] (E:\ppppp\backend\node_modules\express\lib\router\layer.js:95:5)
    at next (E:\ppppp\backend\node_modules\express\lib\router\route.js:149:13)
    at Route.dispatch (E:\ppppp\backend\node_modules\express\lib\router\route.js:119:3)
    at Layer.handle [as handle_request] (E:\ppppp\backend\node_modules\express\lib\router\layer.js:95:5)
    at E:\ppppp\backend\node_modules\express\lib\router\index.js:284:15
    at Function.process_params (E:\ppppp\backend\node_modules\express\lib\router\index.js:346:12)
    at next (E:\ppppp\backend\node_modules\express\lib\router\index.js:280:10)
    at Function.handle (E:\ppppp\backend\node_modules\express\lib\router\index.js:175:3)
    at router (E:\ppppp\backend\node_modules\express\lib\router\index.js:47:12) {
  code: 'ER_BAD_FIELD_ERROR',
  errno: 1054,
  sqlState: '42S22',
  sqlMessage: "Unknown column 'location' in 'where clause'",
  sql: "SELECT * FROM restaurants WHERE 1=1 AND (address LIKE '%长沙%' OR location LIKE '%长沙%') ORDER BY review_count DESC LIMIT 20 OFFSET 0"
}
搜索餐厅错误: Error: Unknown column 'location' in 'where clause'
    at searchRestaurants (E:\ppppp\backend\api\restaurants.js:281:42)
    at Layer.handle [as handle_request] (E:\ppppp\backend\node_modules\express\lib\router\layer.js:95:5)
    at next (E:\ppppp\backend\node_modules\express\lib\router\route.js:149:13)
    at Route.dispatch (E:\ppppp\backend\node_modules\express\lib\router\route.js:119:3)
    at Layer.handle [as handle_request] (E:\ppppp\backend\node_modules\express\lib\router\layer.js:95:5)
    at E:\ppppp\backend\node_modules\express\lib\router\index.js:284:15
    at Function.process_params (E:\ppppp\backend\node_modules\express\lib\router\index.js:346:12)
    at next (E:\ppppp\backend\node_modules\express\lib\router\index.js:280:10)
    at Function.handle (E:\ppppp\backend\node_modules\express\lib\router\index.js:175:3)
    at router (E:\ppppp\backend\node_modules\express\lib\router\index.js:47:12) {
  code: 'ER_BAD_FIELD_ERROR',
  errno: 1054,
  sqlState: '42S22',
  sqlMessage: "Unknown column 'location' in 'where clause'",
  sql: "SELECT * FROM restaurants WHERE 1=1 AND (address LIKE '%长沙%' OR location LIKE '%长沙%') ORDER BY review_count DESC LIMIT 20 OFFSET 20"
}
搜索餐厅错误: Error: Unknown column 'location' in 'where clause'
    at searchRestaurants (E:\ppppp\backend\api\restaurants.js:281:42)
    at Layer.handle [as handle_request] (E:\ppppp\backend\node_modules\express\lib\router\layer.js:95:5)
    at next (E:\ppppp\backend\node_modules\express\lib\router\route.js:149:13)
    at Route.dispatch (E:\ppppp\backend\node_modules\express\lib\router\route.js:119:3)
    at Layer.handle [as handle_request] (E:\ppppp\backend\node_modules\express\lib\router\layer.js:95:5)
    at E:\ppppp\backend\node_modules\express\lib\router\index.js:284:15
    at Function.process_params (E:\ppppp\backend\node_modules\express\lib\router\index.js:346:12)
    at next (E:\ppppp\backend\node_modules\express\lib\router\index.js:280:10)
    at Function.handle (E:\ppppp\backend\node_modules\express\lib\router\index.js:175:3)
    at router (E:\ppppp\backend\node_modules\express\lib\router\index.js:47:12) {
  code: 'ER_BAD_FIELD_ERROR',
  errno: 1054,
  sqlState: '42S22',
  sqlMessage: "Unknown column 'location' in 'where clause'",
  sql: "SELECT * FROM restaurants WHERE 1=1 AND (address LIKE '%长沙%' OR location LIKE '%长沙%') ORDER BY review_count DESC LIMIT 20 OFFSET 0"
}
搜索餐厅错误: Error: Unknown column 'location' in 'where clause'
    at searchRestaurants (E:\ppppp\backend\api\restaurants.js:281:42)
    at Layer.handle [as handle_request] (E:\ppppp\backend\node_modules\express\lib\router\layer.js:95:5)
    at next (E:\ppppp\backend\node_modules\express\lib\router\route.js:149:13)
    at Route.dispatch (E:\ppppp\backend\node_modules\express\lib\router\route.js:119:3)
    at Layer.handle [as handle_request] (E:\ppppp\backend\node_modules\express\lib\router\layer.js:95:5)
    at E:\ppppp\backend\node_modules\express\lib\router\index.js:284:15
    at Function.process_params (E:\ppppp\backend\node_modules\express\lib\router\index.js:346:12)
    at next (E:\ppppp\backend\node_modules\express\lib\router\index.js:280:10)
    at Function.handle (E:\ppppp\backend\node_modules\express\lib\router\index.js:175:3)
    at router (E:\ppppp\backend\node_modules\express\lib\router\index.js:47:12) {
  code: 'ER_BAD_FIELD_ERROR',
  errno: 1054,
  sqlState: '42S22',
  sqlMessage: "Unknown column 'location' in 'where clause'",
  sql: "SELECT * FROM restaurants WHERE 1=1 AND (address LIKE '%长沙%' OR location LIKE '%长沙%') ORDER BY review_count DESC LIMIT 20 OFFSET 0"
}
搜索餐厅错误: Error: Unknown column 'location' in 'where clause'
    at searchRestaurants (E:\ppppp\backend\api\restaurants.js:281:42)
    at Layer.handle [as handle_request] (E:\ppppp\backend\node_modules\express\lib\router\layer.js:95:5)
    at next (E:\ppppp\backend\node_modules\express\lib\router\route.js:149:13)
    at Route.dispatch (E:\ppppp\backend\node_modules\express\lib\router\route.js:119:3)
    at Layer.handle [as handle_request] (E:\ppppp\backend\node_modules\express\lib\router\layer.js:95:5)
    at E:\ppppp\backend\node_modules\express\lib\router\index.js:284:15
    at Function.process_params (E:\ppppp\backend\node_modules\express\lib\router\index.js:346:12)
    at next (E:\ppppp\backend\node_modules\express\lib\router\index.js:280:10)
    at Function.handle (E:\ppppp\backend\node_modules\express\lib\router\index.js:175:3)
    at router (E:\ppppp\backend\node_modules\express\lib\router\index.js:47:12) {
  code: 'ER_BAD_FIELD_ERROR',
  errno: 1054,
  sqlState: '42S22',
  sqlMessage: "Unknown column 'location' in 'where clause'",
  sql: "SELECT * FROM restaurants WHERE 1=1 AND (address LIKE '%长沙%' OR location LIKE '%长沙%') ORDER BY review_count DESC LIMIT 20 OFFSET 0"
}
搜索餐厅错误: Error: Unknown column 'location' in 'where clause'
    at searchRestaurants (E:\ppppp\backend\api\restaurants.js:281:42)
    at Layer.handle [as handle_request] (E:\ppppp\backend\node_modules\express\lib\router\layer.js:95:5)
    at next (E:\ppppp\backend\node_modules\express\lib\router\route.js:149:13)
    at Route.dispatch (E:\ppppp\backend\node_modules\express\lib\router\route.js:119:3)
    at Layer.handle [as handle_request] (E:\ppppp\backend\node_modules\express\lib\router\layer.js:95:5)
    at E:\ppppp\backend\node_modules\express\lib\router\index.js:284:15
    at Function.process_params (E:\ppppp\backend\node_modules\express\lib\router\index.js:346:12)
    at next (E:\ppppp\backend\node_modules\express\lib\router\index.js:280:10)
    at Function.handle (E:\ppppp\backend\node_modules\express\lib\router\index.js:175:3)
    at router (E:\ppppp\backend\node_modules\express\lib\router\index.js:47:12) {
  code: 'ER_BAD_FIELD_ERROR',
  errno: 1054,
  sqlState: '42S22',
  sqlMessage: "Unknown column 'location' in 'where clause'",
  sql: "SELECT * FROM restaurants WHERE 1=1 AND (address LIKE '%长沙%' OR location LIKE '%长沙%') ORDER BY review_count DESC LIMIT 20 OFFSET 20"
}
搜索餐厅错误: Error: Unknown column 'location' in 'where clause'
    at searchRestaurants (E:\ppppp\backend\api\restaurants.js:281:42)
    at Layer.handle [as handle_request] (E:\ppppp\backend\node_modules\express\lib\router\layer.js:95:5)
    at next (E:\ppppp\backend\node_modules\express\lib\router\route.js:149:13)
    at Route.dispatch (E:\ppppp\backend\node_modules\express\lib\router\route.js:119:3)
    at Layer.handle [as handle_request] (E:\ppppp\backend\node_modules\express\lib\router\layer.js:95:5)
    at E:\ppppp\backend\node_modules\express\lib\router\index.js:284:15
    at Function.process_params (E:\ppppp\backend\node_modules\express\lib\router\index.js:346:12)
    at next (E:\ppppp\backend\node_modules\express\lib\router\index.js:280:10)
    at Function.handle (E:\ppppp\backend\node_modules\express\lib\router\index.js:175:3)
    at router (E:\ppppp\backend\node_modules\express\lib\router\index.js:47:12) {
  code: 'ER_BAD_FIELD_ERROR',
  errno: 1054,
  sqlState: '42S22',
  sqlMessage: "Unknown column 'location' in 'where clause'",
  sql: "SELECT * FROM restaurants WHERE 1=1 AND (address LIKE '%长沙%' OR location LIKE '%长沙%') ORDER BY review_count DESC LIMIT 20 OFFSET 0"
}
搜索餐厅错误: Error: Unknown column 'location' in 'where clause'
    at searchRestaurants (E:\ppppp\backend\api\restaurants.js:281:42)
    at Layer.handle [as handle_request] (E:\ppppp\backend\node_modules\express\lib\router\layer.js:95:5)
    at next (E:\ppppp\backend\node_modules\express\lib\router\route.js:149:13)
    at Route.dispatch (E:\ppppp\backend\node_modules\express\lib\router\route.js:119:3)
    at Layer.handle [as handle_request] (E:\ppppp\backend\node_modules\express\lib\router\layer.js:95:5)
    at E:\ppppp\backend\node_modules\express\lib\router\index.js:284:15
    at Function.process_params (E:\ppppp\backend\node_modules\express\lib\router\index.js:346:12)
    at next (E:\ppppp\backend\node_modules\express\lib\router\index.js:280:10)
    at Function.handle (E:\ppppp\backend\node_modules\express\lib\router\index.js:175:3)
    at router (E:\ppppp\backend\node_modules\express\lib\router\index.js:47:12) {
  code: 'ER_BAD_FIELD_ERROR',
  errno: 1054,
  sqlState: '42S22',
  sqlMessage: "Unknown column 'location' in 'where clause'",
  sql: "SELECT * FROM restaurants WHERE 1=1 AND (address LIKE '%长沙%' OR location LIKE '%长沙%') ORDER BY review_count DESC LIMIT 3 OFFSET 0"
}
